Write to text file
Read from the text file
Write to xml_file
Read from xml_file
Write to xml_file
Read from xml_file
Write to xml_file
Read from xml_file
Write to xml_file
Read from xml_file
Write to json_file
Read from json_file
Write to json_file
Read from json_file
Write to xml_file
Read from xml_file
Write to json_file
Read from json_file
Write to json_file
Read from json_file
Write to json_file
Read from json_file
Write to json_file
Read from json_file
Write to xml_file
Read from xml_file
Write to text file
Read from the text file
Write to xml_file
Read from xml_file
Write to json_file
Read from json_file
Write to json_file
Read from json_file
Write to json_file
Read from json_file
Write to text file
Read from the text file
Write to xml_file
Read from xml_file
Write to json_file
Read from json_file
Write to json_file
Read from json_file
